[23-Apr-2013 08:53:32 UTC] PHP Notice:  Undefined index: user_language in /Library/WebServer/Documents/sourjelly.net/core/access/auth.class.php on line 71
[23-Apr-2013 08:54:55 UTC] PHP Notice:  Undefined variable: ret in /Library/WebServer/Documents/sourjelly.net/api/local/users.api.class.php on line 161
[23-Apr-2013 08:55:05 UTC] PHP Notice:  Undefined variable: ret in /Library/WebServer/Documents/sourjelly.net/api/local/users.api.class.php on line 161
[23-Apr-2013 08:55:55 UTC] PHP Notice:  Undefined variable: ret in /Library/WebServer/Documents/sourjelly.net/api/local/users.api.class.php on line 162
[23-Apr-2013 08:57:35 UTC] PHP Warning:  file_get_contents(/Library/WebServer/Documents/sourjelly.net/views/snippets/_EN/errors/notice.html.tpl): failed to open stream: No such file or directory in /Library/WebServer/Documents/sourjelly.net/core/build/template.class.php on line 13
[23-Apr-2013 08:58:15 UTC] PHP Warning:  file_get_contents(/Library/WebServer/Documents/sourjelly.net/views/snippets/_EN/errors/notice.html.tpl): failed to open stream: No such file or directory in /Library/WebServer/Documents/sourjelly.net/core/build/template.class.php on line 13
[23-Apr-2013 08:58:18 UTC] PHP Warning:  file_get_contents(/Library/WebServer/Documents/sourjelly.net/views/snippets/_EN/errors/notice.html.tpl): failed to open stream: No such file or directory in /Library/WebServer/Documents/sourjelly.net/core/build/template.class.php on line 13
[23-Apr-2013 08:58:22 UTC] PHP Warning:  file_get_contents(/Library/WebServer/Documents/sourjelly.net/views/snippets/_EN/errors/notice.html.tpl): failed to open stream: No such file or directory in /Library/WebServer/Documents/sourjelly.net/core/build/template.class.php on line 13
[23-Apr-2013 08:59:19 UTC] PHP Warning:  file_get_contents(/Library/WebServer/Documents/sourjelly.net/views/snippets/_EN/errors/notice.html.tpl): failed to open stream: No such file or directory in /Library/WebServer/Documents/sourjelly.net/core/build/template.class.php on line 13
[23-Apr-2013 09:00:05 UTC] PHP Warning:  file_get_contents(/Library/WebServer/Documents/sourjelly.net/views/snippets/_EN/errors/notice.html.tpl): failed to open stream: No such file or directory in /Library/WebServer/Documents/sourjelly.net/core/build/template.class.php on line 13
[23-Apr-2013 09:00:09 UTC] PHP Warning:  file_get_contents(/Library/WebServer/Documents/sourjelly.net/views/snippets/_EN/errors/notice.html.tpl): failed to open stream: No such file or directory in /Library/WebServer/Documents/sourjelly.net/core/build/template.class.php on line 13
[23-Apr-2013 09:00:55 UTC] PHP Warning:  file_get_contents(/Library/WebServer/Documents/sourjelly.net/views/snippets/_EN/errors/notice.html.tpl): failed to open stream: No such file or directory in /Library/WebServer/Documents/sourjelly.net/core/build/template.class.php on line 13
[23-Apr-2013 09:01:01 UTC] PHP Warning:  file_get_contents(/Library/WebServer/Documents/sourjelly.net/views/snippets/_EN/errors/notice.html.tpl): failed to open stream: No such file or directory in /Library/WebServer/Documents/sourjelly.net/core/build/template.class.php on line 13
[23-Apr-2013 09:01:45 UTC] PHP Warning:  file_get_contents(/Library/WebServer/Documents/sourjelly.net/views/snippets/_EN/errors/notice.html.tpl): failed to open stream: No such file or directory in /Library/WebServer/Documents/sourjelly.net/core/build/template.class.php on line 13
[23-Apr-2013 12:04:11 UTC] PHP Fatal error:  Cannot use object of type stdClass as array in /Library/WebServer/Documents/sourjelly.net/ajax/image_loader.php on line 29
[23-Apr-2013 12:04:14 UTC] PHP Fatal error:  Cannot use object of type stdClass as array in /Library/WebServer/Documents/sourjelly.net/ajax/image_loader.php on line 29
[23-Apr-2013 12:04:33 UTC] PHP Warning:  unlink(/sourjelly.net/public_html/assets/img/uploads/glyphicons-halflings.png): No such file or directory in /Library/WebServer/Documents/sourjelly.net/ajax/image_loader.php on line 29
[23-Apr-2013 12:04:36 UTC] PHP Warning:  unlink(/sourjelly.net/public_html/assets/img/uploads/glyphicons-halflings.png): No such file or directory in /Library/WebServer/Documents/sourjelly.net/ajax/image_loader.php on line 29
[23-Apr-2013 12:19:12 UTC] PHP Warning:  unlink(/Library/WebServer/Documents//sourjelly.net/public_html/assets/img/uploads/bannersj.jpg): No such file or directory in /Library/WebServer/Documents/sourjelly.net/ajax/image_loader.php on line 29
[23-Apr-2013 12:19:13 UTC] PHP Warning:  unlink(/Library/WebServer/Documents//sourjelly.net/public_html/assets/img/uploads/bannersj.jpg): No such file or directory in /Library/WebServer/Documents/sourjelly.net/ajax/image_loader.php on line 29
[23-Apr-2013 12:19:14 UTC] PHP Warning:  unlink(/Library/WebServer/Documents//sourjelly.net/public_html/assets/img/uploads/bannersj.jpg): No such file or directory in /Library/WebServer/Documents/sourjelly.net/ajax/image_loader.php on line 29
[23-Apr-2013 12:19:14 UTC] PHP Warning:  unlink(/Library/WebServer/Documents//sourjelly.net/public_html/assets/img/uploads/bannersj.jpg): No such file or directory in /Library/WebServer/Documents/sourjelly.net/ajax/image_loader.php on line 29
[23-Apr-2013 12:19:14 UTC] PHP Warning:  unlink(/Library/WebServer/Documents//sourjelly.net/public_html/assets/img/uploads/bannersj.jpg): No such file or directory in /Library/WebServer/Documents/sourjelly.net/ajax/image_loader.php on line 29
[23-Apr-2013 12:19:15 UTC] PHP Warning:  unlink(/Library/WebServer/Documents//sourjelly.net/public_html/assets/img/uploads/bannersj.jpg): No such file or directory in /Library/WebServer/Documents/sourjelly.net/ajax/image_loader.php on line 29
[23-Apr-2013 12:19:15 UTC] PHP Warning:  unlink(/Library/WebServer/Documents//sourjelly.net/public_html/assets/img/uploads/bannersj.jpg): No such file or directory in /Library/WebServer/Documents/sourjelly.net/ajax/image_loader.php on line 29
[23-Apr-2013 12:19:15 UTC] PHP Warning:  unlink(/Library/WebServer/Documents//sourjelly.net/public_html/assets/img/uploads/bannersj.jpg): No such file or directory in /Library/WebServer/Documents/sourjelly.net/ajax/image_loader.php on line 29
[23-Apr-2013 12:19:15 UTC] PHP Warning:  unlink(/Library/WebServer/Documents//sourjelly.net/public_html/assets/img/uploads/bannersj.jpg): No such file or directory in /Library/WebServer/Documents/sourjelly.net/ajax/image_loader.php on line 29
[23-Apr-2013 12:19:15 UTC] PHP Warning:  unlink(/Library/WebServer/Documents//sourjelly.net/public_html/assets/img/uploads/bannersj.jpg): No such file or directory in /Library/WebServer/Documents/sourjelly.net/ajax/image_loader.php on line 29
[23-Apr-2013 12:19:16 UTC] PHP Warning:  unlink(/Library/WebServer/Documents//sourjelly.net/public_html/assets/img/uploads/bannersj.jpg): No such file or directory in /Library/WebServer/Documents/sourjelly.net/ajax/image_loader.php on line 29
[23-Apr-2013 12:19:16 UTC] PHP Warning:  unlink(/Library/WebServer/Documents//sourjelly.net/public_html/assets/img/uploads/bannersj.jpg): No such file or directory in /Library/WebServer/Documents/sourjelly.net/ajax/image_loader.php on line 29
[23-Apr-2013 12:19:16 UTC] PHP Warning:  unlink(/Library/WebServer/Documents//sourjelly.net/public_html/assets/img/uploads/bannersj.jpg): No such file or directory in /Library/WebServer/Documents/sourjelly.net/ajax/image_loader.php on line 29
[23-Apr-2013 12:19:17 UTC] PHP Warning:  unlink(/Library/WebServer/Documents//sourjelly.net/public_html/assets/img/uploads/bannersj.jpg): No such file or directory in /Library/WebServer/Documents/sourjelly.net/ajax/image_loader.php on line 29
[23-Apr-2013 12:19:17 UTC] PHP Warning:  unlink(/Library/WebServer/Documents//sourjelly.net/public_html/assets/img/uploads/bannersj.jpg): No such file or directory in /Library/WebServer/Documents/sourjelly.net/ajax/image_loader.php on line 29
[23-Apr-2013 12:19:17 UTC] PHP Warning:  unlink(/Library/WebServer/Documents//sourjelly.net/public_html/assets/img/uploads/bannersj.jpg): No such file or directory in /Library/WebServer/Documents/sourjelly.net/ajax/image_loader.php on line 29
[23-Apr-2013 12:19:18 UTC] PHP Warning:  unlink(/Library/WebServer/Documents//sourjelly.net/public_html/assets/img/uploads/bannersj.jpg): No such file or directory in /Library/WebServer/Documents/sourjelly.net/ajax/image_loader.php on line 29
[23-Apr-2013 12:19:18 UTC] PHP Warning:  unlink(/Library/WebServer/Documents//sourjelly.net/public_html/assets/img/uploads/bannersj.jpg): No such file or directory in /Library/WebServer/Documents/sourjelly.net/ajax/image_loader.php on line 29
[23-Apr-2013 12:19:20 UTC] PHP Warning:  unlink(/Library/WebServer/Documents//sourjelly.net/public_html/assets/img/uploads/bannersj.jpg): No such file or directory in /Library/WebServer/Documents/sourjelly.net/ajax/image_loader.php on line 29
[23-Apr-2013 12:19:21 UTC] PHP Warning:  unlink(/Library/WebServer/Documents//sourjelly.net/public_html/assets/img/uploads/bannersj.jpg): No such file or directory in /Library/WebServer/Documents/sourjelly.net/ajax/image_loader.php on line 29
[23-Apr-2013 12:19:21 UTC] PHP Warning:  unlink(/Library/WebServer/Documents//sourjelly.net/public_html/assets/img/uploads/bannersj.jpg): No such file or directory in /Library/WebServer/Documents/sourjelly.net/ajax/image_loader.php on line 29
[23-Apr-2013 12:19:21 UTC] PHP Warning:  unlink(/Library/WebServer/Documents//sourjelly.net/public_html/assets/img/uploads/bannersj.jpg): No such file or directory in /Library/WebServer/Documents/sourjelly.net/ajax/image_loader.php on line 29
[23-Apr-2013 12:19:21 UTC] PHP Warning:  unlink(/Library/WebServer/Documents//sourjelly.net/public_html/assets/img/uploads/bannersj.jpg): No such file or directory in /Library/WebServer/Documents/sourjelly.net/ajax/image_loader.php on line 29
